Launching Swift with args : 
swift -config swift.conf bag_of_tasks.swift -N=8 -sleep=900
Swift trunk git-rev: 38a15e00f87e072e94a700d947123d204bd66b0a heads/master 6649 (modified locally)
RunID: run010
Progress: Mon, 07 Dec 2015 02:37:03+0000
Progress: Mon, 07 Dec 2015 02:37:04+0000  Submitting:8
Progress: Mon, 07 Dec 2015 02:37:19+0000  Submitting:6  Submitted:2
Progress: Mon, 07 Dec 2015 02:37:26+0000  Submitting:5  Submitted:3
Exception in remote_driver:
    Host: gordon
    Directory: bag_of_tasks-run010/jobs/r/remote_driver-46se6him-2
	exception @ swift-int-staging.k, line: 187
	providerStaging:execute2 @ swift.k, line: 126
	executeSelect @ swift.k, line: 200
Caused by: 
	exception @ swift-int-staging.k, line: 182
Caused by: null
Caused by: org.globus.cog.abstraction.impl.common.task.TaskSubmissionException: Could not submit job
Caused by: org.globus.cog.abstraction.impl.common.task.TaskSubmissionException: Could not start coaster service
Caused by: org.globus.cog.abstraction.impl.common.task.TaskSubmissionException: Task ended before registration was received. 

Failed to download cog-abstraction-common-2.4.jar: java.lang.RuntimeException: Checksum does not match.

	k:assign @ swift.k, line: 157
Caused by: Exception in remote_driver:
    Host: gordon
    Directory: bag_of_tasks-run010/jobs/r/remote_driver-46se6him-2
	exception @ swift-int-staging.k, line: 187
	providerStaging:execute2 @ swift.k, line: 126
	executeSelect @ swift.k, line: 200
Caused by: 
	exception @ swift-int-staging.k, line: 182
Caused by: null
Caused by: org.globus.cog.abstraction.impl.common.task.TaskSubmissionException: Could not submit job
Caused by: org.globus.cog.abstraction.impl.common.task.TaskSubmissionException: Could not start coaster service
Caused by: org.globus.cog.abstraction.impl.common.task.TaskSubmissionException: Task ended before registration was received. 

Failed to download cog-abstraction-common-2.4.jar: java.lang.RuntimeException: Checksum does not match.

Progress: Mon, 07 Dec 2015 02:37:28+0000  Submitting:4  Submitted:3  Failed:1
Exception in remote_driver:
    Host: gordon
    Directory: bag_of_tasks-run010/jobs/r/remote_driver-36se6him-2
	exception @ swift-int-staging.k, line: 187
	providerStaging:execute2 @ swift.k, line: 126
	executeSelect @ swift.k, line: 200
Caused by: 
	exception @ swift-int-staging.k, line: 182
Caused by: null
Caused by: org.globus.cog.abstraction.impl.common.task.TaskSubmissionException: Could not submit job
Caused by: org.globus.cog.abstraction.impl.common.task.TaskSubmissionException: Could not start coaster service
Caused by: org.globus.cog.abstraction.impl.common.task.TaskSubmissionException: Task ended before registration was received. 

Failed to download cog-abstraction-common-2.4.jar: java.lang.RuntimeException: Checksum does not match.

	k:assign @ swift.k, line: 157
Caused by: Exception in remote_driver:
    Host: gordon
    Directory: bag_of_tasks-run010/jobs/r/remote_driver-36se6him-2
	exception @ swift-int-staging.k, line: 187
	providerStaging:execute2 @ swift.k, line: 126
	executeSelect @ swift.k, line: 200
Caused by: 
	exception @ swift-int-staging.k, line: 182
Caused by: null
Caused by: org.globus.cog.abstraction.impl.common.task.TaskSubmissionException: Could not submit job
Caused by: org.globus.cog.abstraction.impl.common.task.TaskSubmissionException: Could not start coaster service
Caused by: org.globus.cog.abstraction.impl.common.task.TaskSubmissionException: Task ended before registration was received. 

Failed to download cog-abstraction-common-2.4.jar: java.lang.RuntimeException: Checksum does not match.

Progress: Mon, 07 Dec 2015 02:37:31+0000  Submitting:3  Submitted:3  Failed:2
Progress: Mon, 07 Dec 2015 02:37:33+0000  Submitting:2  Submitted:4  Failed:2
Exception in remote_driver:
    Host: gordon
    Directory: bag_of_tasks-run010/jobs/r/remote_driver-56se6him-2
	exception @ swift-int-staging.k, line: 187
	providerStaging:execute2 @ swift.k, line: 126
	executeSelect @ swift.k, line: 200
Caused by: 
	exception @ swift-int-staging.k, line: 182
Caused by: null
Caused by: org.globus.cog.abstraction.impl.common.task.TaskSubmissionException: Could not submit job
Caused by: org.globus.cog.abstraction.impl.common.task.TaskSubmissionException: Could not start coaster service
Caused by: org.globus.cog.abstraction.impl.common.task.TaskSubmissionException: Task ended before registration was received. 

Failed to download cog-abstraction-common-2.4.jar: java.lang.RuntimeException: Checksum does not match.

	k:assign @ swift.k, line: 157
Caused by: Exception in remote_driver:
    Host: gordon
    Directory: bag_of_tasks-run010/jobs/r/remote_driver-56se6him-2
	exception @ swift-int-staging.k, line: 187
	providerStaging:execute2 @ swift.k, line: 126
	executeSelect @ swift.k, line: 200
Caused by: 
	exception @ swift-int-staging.k, line: 182
Caused by: null
Caused by: org.globus.cog.abstraction.impl.common.task.TaskSubmissionException: Could not submit job
Caused by: org.globus.cog.abstraction.impl.common.task.TaskSubmissionException: Could not start coaster service
Caused by: org.globus.cog.abstraction.impl.common.task.TaskSubmissionException: Task ended before registration was received. 

Failed to download cog-abstraction-common-2.4.jar: java.lang.RuntimeException: Checksum does not match.

Progress: Mon, 07 Dec 2015 02:37:40+0000  Submitting:1  Submitted:4  Failed:3
Exception in remote_driver:
    Host: gordon
    Directory: bag_of_tasks-run010/jobs/r/remote_driver-z5se6him-2
	exception @ swift-int-staging.k, line: 187
	providerStaging:execute2 @ swift.k, line: 126
	executeSelect @ swift.k, line: 200
Caused by: 
	exception @ swift-int-staging.k, line: 182
Caused by: null
Caused by: org.globus.cog.abstraction.impl.common.task.TaskSubmissionException: Could not submit job
Caused by: org.globus.cog.abstraction.impl.common.task.TaskSubmissionException: Could not start coaster service
Caused by: org.globus.cog.abstraction.impl.common.task.TaskSubmissionException: Task ended before registration was received. 

Failed to download cog-abstraction-common-2.4.jar: java.lang.RuntimeException: Checksum does not match.

	k:assign @ swift.k, line: 157
Caused by: Exception in remote_driver:
    Host: gordon
    Directory: bag_of_tasks-run010/jobs/r/remote_driver-z5se6him-2
	exception @ swift-int-staging.k, line: 187
	providerStaging:execute2 @ swift.k, line: 126
	executeSelect @ swift.k, line: 200
Caused by: 
	exception @ swift-int-staging.k, line: 182
Caused by: null
Caused by: org.globus.cog.abstraction.impl.common.task.TaskSubmissionException: Could not submit job
Caused by: org.globus.cog.abstraction.impl.common.task.TaskSubmissionException: Could not start coaster service
Caused by: org.globus.cog.abstraction.impl.common.task.TaskSubmissionException: Task ended before registration was received. 

Failed to download cog-abstraction-common-2.4.jar: java.lang.RuntimeException: Checksum does not match.

Progress: Mon, 07 Dec 2015 02:37:43+0000  Submitted:4  Failed:4
Launching Swift with args : 
swift -config swift.conf bag_of_tasks.swift -N=128 -sleep=900
